[debug] [2025-07-08T03:14:01.470Z] ----------------------------------------------------------------------
[debug] [2025-07-08T03:14:01.483Z] Command:       /usr/local/bin/node /Users/vulsoftinc/.npm-global/bin/firebase init hosting
[debug] [2025-07-08T03:14:01.483Z] CLI Version:   14.9.0
[debug] [2025-07-08T03:14:01.483Z] Platform:      darwin
[debug] [2025-07-08T03:14:01.483Z] Node Version:  v22.14.0
[debug] [2025-07-08T03:14:01.484Z] Time:          Tue Jul 08 2025 03:14:01 GMT+0000 (Greenwich Mean Time)
[debug] [2025-07-08T03:14:01.484Z] ----------------------------------------------------------------------
[debug] 
[debug] [2025-07-08T03:14:01.493Z] > command requires scopes: ["email","openid","https://www.googleapis.com/auth/cloudplatformprojects.readonly","https://www.googleapis.com/auth/firebase","https://www.googleapis.com/auth/cloud-platform"]
[debug] [2025-07-08T03:14:01.493Z] > authorizing via signed-in user (zaalaly@gmail.com)
[info] 
     ######## #### ########  ######## ########     ###     ######  ########
     ##        ##  ##     ## ##       ##     ##  ##   ##  ##       ##
     ######    ##  ########  ######   ########  #########  ######  ######
     ##        ##  ##    ##  ##       ##     ## ##     ##       ## ##
     ##       #### ##     ## ######## ########  ##     ##  ######  ########

You're about to initialize a Firebase project in this directory:

  /Users/vulsoftinc/Documents/GitHub/Forge.io/forge.io

[info] 
=== Project Setup
[info] 
[info] First, let's associate this project directory with a Firebase project.
[info] You can create multiple project aliases by running firebase use --add, 
[info] but for now we'll just set up a default project.
[info] 
[debug] [2025-07-08T03:14:57.621Z] Checked if tokens are valid: true, expires at: 1751947831610
[debug] [2025-07-08T03:14:57.622Z] Checked if tokens are valid: true, expires at: 1751947831610
[debug] [2025-07-08T03:14:57.623Z] >>> [apiv2][query] GET https://firebase.googleapis.com/v1beta1/projects pageSize=100
[debug] [2025-07-08T03:15:01.706Z] <<< [apiv2][status] GET https://firebase.googleapis.com/v1beta1/projects 200
[debug] [2025-07-08T03:15:01.706Z] <<< [apiv2][body] GET https://firebase.googleapis.com/v1beta1/projects [omitted]
[info] i  Using project forge-643b5 (Forge) 
[info] 
=== Hosting Setup
[debug] [2025-07-08T03:15:31.740Z] Checked if tokens are valid: true, expires at: 1751947831610
[debug] [2025-07-08T03:15:31.740Z] Checked if tokens are valid: true, expires at: 1751947831610
[debug] [2025-07-08T03:15:31.740Z] >>> [apiv2][query] GET https://firebase.googleapis.com/v1beta1/projects/forge-643b5 [none]
[debug] [2025-07-08T03:15:36.463Z] <<< [apiv2][status] GET https://firebase.googleapis.com/v1beta1/projects/forge-643b5 200
[debug] [2025-07-08T03:15:36.463Z] <<< [apiv2][body] GET https://firebase.googleapis.com/v1beta1/projects/forge-643b5 {"projectId":"forge-643b5","projectNumber":"41015118503","displayName":"Forge","name":"projects/forge-643b5","resources":{"hostingSite":"forge-643b5"},"state":"ACTIVE","etag":"1_e00f3c8a-c713-4666-abdb-68b01cb02865"}
[info] 
[info] Your public directory is the folder (relative to your project directory) that
[info] will contain Hosting assets to be uploaded with firebase deploy. If you
[info] have a build process for your assets, use your build's output directory.
[info] 
[debug] [2025-07-08T03:16:45.557Z] >>> [apiv2][query] GET https://www.gstatic.com/firebasejs/releases.json [none]
[debug] [2025-07-08T03:16:48.152Z] <<< [apiv2][status] GET https://www.gstatic.com/firebasejs/releases.json 200
[debug] [2025-07-08T03:16:48.152Z] <<< [apiv2][body] GET https://www.gstatic.com/firebasejs/releases.json {"current":{"version":"11.10.0","browserURL":"https://www.gstatic.com/firebasejs/11.10.0/firebase.js","packageURL":"https://www.gstatic.com/firebasejs/11.10.0/firebase.tgz"},"live":{"version":"11.10","browserURL":"https://www.gstatic.com/firebasejs/live/11.10/firebase.js","packageURL":"https://www.gstatic.com/firebasejs/live/11.10/firebase.tgz"},"components":{"ai":"https://www.gstatic.com/firebasejs/11.10.0/firebase-ai.js","analytics":"https://www.gstatic.com/firebasejs/11.10.0/firebase-analytics.js","app":"https://www.gstatic.com/firebasejs/11.10.0/firebase-app.js","app-check":"https://www.gstatic.com/firebasejs/11.10.0/firebase-app-check.js","auth":"https://www.gstatic.com/firebasejs/11.10.0/firebase-auth.js","auth/cordova":"https://www.gstatic.com/firebasejs/11.10.0/firebase-auth/cordova.js","auth/web-extension":"https://www.gstatic.com/firebasejs/11.10.0/firebase-auth/web-extension.js","functions":"https://www.gstatic.com/firebasejs/11.10.0/firebase-functions.js","firestore":"https://www.gstatic.com/firebasejs/11.10.0/firebase-firestore.js","firestore/lite":"https://www.gstatic.com/firebasejs/11.10.0/firebase-firestore/lite.js","installations":"https://www.gstatic.com/firebasejs/11.10.0/firebase-installations.js","storage":"https://www.gstatic.com/firebasejs/11.10.0/firebase-storage.js","performance":"https://www.gstatic.com/firebasejs/11.10.0/firebase-performance.js","remote-config":"https://www.gstatic.com/firebasejs/11.10.0/firebase-remote-config.js","messaging":"https://www.gstatic.com/firebasejs/11.10.0/firebase-messaging.js","messaging/sw":"https://www.gstatic.com/firebasejs/11.10.0/firebase-messaging/sw.js","database":"https://www.gstatic.com/firebasejs/11.10.0/firebase-database.js","vertexai":"https://www.gstatic.com/firebasejs/11.10.0/firebase-vertexai.js","data-connect":"https://www.gstatic.com/firebasejs/11.10.0/firebase-data-connect.js","firestore.memory":"https://www.gstatic.com/firebasejs/11.10.0/firebase-firestore.memory.js"}}
[info] ✔  Wrote public/index.html 
[info] 
[info] i  Detected a .git folder at /Users/vulsoftinc/Documents 
[info] i  Authorizing with GitHub to upload your service account to a GitHub repository's secrets store. 
[info] 
[info] Visit this URL on this device to log in:
[info] https://github.com/login/oauth/authorize?client_id=89cf50f02ac6aaed3484&state=777557461&redirect_uri=http%3A%2F%2Flocalhost%3A9005&scope=read%3Auser%20repo%20public_repo
[info] 
[info] Waiting for authentication...
[debug] [2025-07-08T03:19:23.490Z] >>> [apiv2][query] POST https://github.com/login/oauth/access_token [none]
[debug] [2025-07-08T03:19:23.491Z] >>> [apiv2][body] POST https://github.com/login/oauth/access_token [stream]
[debug] [2025-07-08T03:19:28.179Z] <<< [apiv2][status] POST https://github.com/login/oauth/access_token 200
[debug] [2025-07-08T03:19:28.180Z] <<< [apiv2][body] POST https://github.com/login/oauth/access_token {"access_token":"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","token_type":"bearer","scope":"read:user,repo"}
[debug] [2025-07-08T03:19:28.194Z] >>> [apiv2][query] GET https://api.github.com/user [none]
[debug] [2025-07-08T03:19:31.385Z] <<< [apiv2][status] GET https://api.github.com/user 200
[debug] [2025-07-08T03:19:31.385Z] <<< [apiv2][body] GET https://api.github.com/user {"login":"Lunkht","id":163846333,"node_id":"U_kgDOCcQYvQ","avatar_url":"https://avatars.githubusercontent.com/u/163846333?v=4","gravatar_id":"","url":"https://api.github.com/users/Lunkht","html_url":"https://github.com/Lunkht","followers_url":"https://api.github.com/users/Lunkht/followers","following_url":"https://api.github.com/users/Lunkht/following{/other_user}","gists_url":"https://api.github.com/users/Lunkht/gists{/gist_id}","starred_url":"https://api.github.com/users/Lunkht/starred{/owner}{/repo}","subscriptions_url":"https://api.github.com/users/Lunkht/subscriptions","organizations_url":"https://api.github.com/users/Lunkht/orgs","repos_url":"https://api.github.com/users/Lunkht/repos","events_url":"https://api.github.com/users/Lunkht/events{/privacy}","received_events_url":"https://api.github.com/users/Lunkht/received_events","type":"User","user_view_type":"private","site_admin":false,"name":null,"company":null,"blog":"","location":null,"email":null,"hireable":null,"bio":null,"twitter_username":null,"notification_email":null,"public_repos":7,"public_gists":0,"followers":0,"following":0,"created_at":"2024-03-18T10:41:47Z","updated_at":"2025-06-19T10:20:18Z","private_gists":0,"total_private_repos":0,"owned_private_repos":0,"disk_usage":261721,"collaborators":0,"two_factor_authentication":false,"plan":{"name":"free","space":976562499,"collaborators":0,"private_repos":10000}}
[info] 
[info] ✔  Success! Logged into GitHub as Lunkht 
[info] 
[debug] [2025-07-08T03:41:09.983Z] >>> [apiv2][query] GET https://api.github.com/repos/git remote add origin https://github.com/Lunkht/Forge.git/actions/secrets/public-key type=owner
[debug] [2025-07-08T03:41:10.666Z] <<< [apiv2][status] GET https://api.github.com/repos/git remote add origin https://github.com/Lunkht/Forge.git/actions/secrets/public-key 404
[debug] [2025-07-08T03:41:10.667Z] <<< [apiv2][body] GET https://api.github.com/repos/git remote add origin https://github.com/Lunkht/Forge.git/actions/secrets/public-key {"message":"Not Found","documentation_url":"https://docs.github.com/rest","status":"404"}
[info] 
[info] 
[error] ⚠  The provided authorization cannot be used with this repository. If this repository is in an organization, did you remember to grant access? 
[info] 
[info] i  Action required: Visit this URL to ensure access has been granted to the appropriate organization(s) for the Firebase CLI GitHub OAuth App: 
[info] https://github.com/settings/connections/applications/89cf50f02ac6aaed3484
[info] 
[debug] [2025-07-08T03:41:35.844Z] >>> [apiv2][query] GET https://api.github.com/repos/git remote add origin https://github.com/Lunkht/Forge.git/actions/secrets/public-key type=owner
[debug] [2025-07-08T03:41:36.548Z] <<< [apiv2][status] GET https://api.github.com/repos/git remote add origin https://github.com/Lunkht/Forge.git/actions/secrets/public-key 404
[debug] [2025-07-08T03:41:36.548Z] <<< [apiv2][body] GET https://api.github.com/repos/git remote add origin https://github.com/Lunkht/Forge.git/actions/secrets/public-key {"message":"Not Found","documentation_url":"https://docs.github.com/rest","status":"404"}
[info] 
[info] 
[error] ⚠  The provided authorization cannot be used with this repository. If this repository is in an organization, did you remember to grant access? 
[info] 
[info] i  Action required: Visit this URL to ensure access has been granted to the appropriate organization(s) for the Firebase CLI GitHub OAuth App: 
[info] https://github.com/settings/connections/applications/89cf50f02ac6aaed3484
[info] 
[debug] [2025-07-08T03:43:57.733Z] >>> [apiv2][query] GET https://api.github.com/repos/git remote add origin https://github.com/Lunkht/Forge.githttps://github.com/Lunkht/Forge.git/actions/secrets/public-key type=owner
[debug] [2025-07-08T03:43:58.284Z] <<< [apiv2][status] GET https://api.github.com/repos/git remote add origin https://github.com/Lunkht/Forge.githttps://github.com/Lunkht/Forge.git/actions/secrets/public-key 404
[debug] [2025-07-08T03:43:58.284Z] <<< [apiv2][body] GET https://api.github.com/repos/git remote add origin https://github.com/Lunkht/Forge.githttps://github.com/Lunkht/Forge.git/actions/secrets/public-key {"message":"Not Found","documentation_url":"https://docs.github.com/rest","status":"404"}
[info] 
[info] 
[error] ⚠  The provided authorization cannot be used with this repository. If this repository is in an organization, did you remember to grant access? 
[info] 
[info] i  Action required: Visit this URL to ensure access has been granted to the appropriate organization(s) for the Firebase CLI GitHub OAuth App: 
[info] https://github.com/settings/connections/applications/89cf50f02ac6aaed3484
[info] 
[debug] [2025-07-08T04:37:09.771Z] >>> [apiv2][query] GET https://api.github.com/repos/git remote add origin https://github.com/Lunkht/Forge.githttps://github.com/Lunkht/Forge.gitgit remote add origin https://github.com/Lunkht/Forge.git/actions/secrets/public-key type=owner
[debug] [2025-07-08T04:37:10.712Z] <<< [apiv2][status] GET https://api.github.com/repos/git remote add origin https://github.com/Lunkht/Forge.githttps://github.com/Lunkht/Forge.gitgit remote add origin https://github.com/Lunkht/Forge.git/actions/secrets/public-key 401
[debug] [2025-07-08T04:37:10.712Z] <<< [apiv2][body] GET https://api.github.com/repos/git remote add origin https://github.com/Lunkht/Forge.githttps://github.com/Lunkht/Forge.gitgit remote add origin https://github.com/Lunkht/Forge.git/actions/secrets/public-key {"message":"Bad credentials","documentation_url":"https://docs.github.com/rest","status":"401"}
[debug] [2025-07-08T04:39:07.658Z] >>> [apiv2][query] GET https://api.github.com/repos/git push -u origin maingit remote add origin https://github.com/Lunkht/Forge.githttps://github.com/Lunkht/Forge.gitgit remote add origin https://github.com/Lunkht/Forge.gitLunkht/Forge /actions/secrets/public-key type=owner
[debug] [2025-07-08T04:39:09.590Z] <<< [apiv2][status] GET https://api.github.com/repos/git push -u origin maingit remote add origin https://github.com/Lunkht/Forge.githttps://github.com/Lunkht/Forge.gitgit remote add origin https://github.com/Lunkht/Forge.gitLunkht/Forge /actions/secrets/public-key 401
[debug] [2025-07-08T04:39:09.590Z] <<< [apiv2][body] GET https://api.github.com/repos/git push -u origin maingit remote add origin https://github.com/Lunkht/Forge.githttps://github.com/Lunkht/Forge.gitgit remote add origin https://github.com/Lunkht/Forge.gitLunkht/Forge /actions/secrets/public-key {"message":"Bad credentials","documentation_url":"https://docs.github.com/rest","status":"401"}
[debug] [2025-07-08T04:39:25.225Z] >>> [apiv2][query] GET https://api.github.com/repos/git push -u origin maingit remote add origin https://github.com/Lunkht/Forge.githttps://github.com/Lunkht/Forge.gitgit remote add origin https://github.com/Lunkht/Forge.gitLunkht/Forge /actions/secrets/public-key type=owner
[debug] [2025-07-08T04:39:25.641Z] <<< [apiv2][status] GET https://api.github.com/repos/git push -u origin maingit remote add origin https://github.com/Lunkht/Forge.githttps://github.com/Lunkht/Forge.gitgit remote add origin https://github.com/Lunkht/Forge.gitLunkht/Forge /actions/secrets/public-key 401
[debug] [2025-07-08T04:39:25.641Z] <<< [apiv2][body] GET https://api.github.com/repos/git push -u origin maingit remote add origin https://github.com/Lunkht/Forge.githttps://github.com/Lunkht/Forge.gitgit remote add origin https://github.com/Lunkht/Forge.gitLunkht/Forge /actions/secrets/public-key {"message":"Bad credentials","documentation_url":"https://docs.github.com/rest","status":"401"}
[debug] [2025-07-08T04:39:53.750Z] >>> [apiv2][query] GET https://api.github.com/repos/git push -u origin maingit remote add origin https://github.com/Lunkht/Forge.githttps://github.com/Lunkht/Forge.gitgit remote add origin https://github.com/Lunkht/Forge.gitLunkht/Forge firebase init hosting:github/actions/secrets/public-key type=owner
[debug] [2025-07-08T04:39:54.161Z] <<< [apiv2][status] GET https://api.github.com/repos/git push -u origin maingit remote add origin https://github.com/Lunkht/Forge.githttps://github.com/Lunkht/Forge.gitgit remote add origin https://github.com/Lunkht/Forge.gitLunkht/Forge firebase init hosting:github/actions/secrets/public-key 401
[debug] [2025-07-08T04:39:54.161Z] <<< [apiv2][body] GET https://api.github.com/repos/git push -u origin maingit remote add origin https://github.com/Lunkht/Forge.githttps://github.com/Lunkht/Forge.gitgit remote add origin https://github.com/Lunkht/Forge.gitLunkht/Forge firebase init hosting:github/actions/secrets/public-key {"message":"Bad credentials","documentation_url":"https://docs.github.com/rest","status":"401"}
[debug] [2025-07-08T04:40:30.391Z] >>> [apiv2][query] GET https://api.github.com/repos/git push -u origin maingit remote add origin https://github.com/Lunkht/Forge.githttps://github.com/Lunkht/Forge.gitgit remote add origin https://github.com/Lunkht/Forge.gitLunkht/Forge firebase init hosting:github>git init/actions/secrets/public-key type=owner
[debug] [2025-07-08T04:40:30.982Z] <<< [apiv2][status] GET https://api.github.com/repos/git push -u origin maingit remote add origin https://github.com/Lunkht/Forge.githttps://github.com/Lunkht/Forge.gitgit remote add origin https://github.com/Lunkht/Forge.gitLunkht/Forge firebase init hosting:github>git init/actions/secrets/public-key 401
[debug] [2025-07-08T04:40:30.982Z] <<< [apiv2][body] GET https://api.github.com/repos/git push -u origin maingit remote add origin https://github.com/Lunkht/Forge.githttps://github.com/Lunkht/Forge.gitgit remote add origin https://github.com/Lunkht/Forge.gitLunkht/Forge firebase init hosting:github>git init/actions/secrets/public-key {"message":"Bad credentials","documentation_url":"https://docs.github.com/rest","status":"401"}
